> Task :app:checkKotlinGradlePluginConfigurationErrors
> Task :app:preBuild UP-TO-DATE
> Task :app:preDebugBuild UP-TO-DATE
> Task :app:checkDebugAarMetadata UP-TO-DATE
> Task :app:generateDebugResValues UP-TO-DATE
> Task :app:mapDebugSourceSetPaths UP-TO-DATE
> Task :app:generateDebugResources UP-TO-DATE
> Task :app:mergeDebugResources UP-TO-DATE
> Task :app:packageDebugResources UP-TO-DATE
> Task :app:parseDebugLocalResources UP-TO-DATE
> Task :app:createDebugCompatibleScreenManifests UP-TO-DATE
> Task :app:extractDeepLinksDebug UP-TO-DATE
> Task :app:processDebugMainManifest UP-TO-DATE
> Task :app:processDebugManifest UP-TO-DATE
> Task :app:processDebugManifestForPackage UP-TO-DATE
> Task :app:processDebugResources UP-TO-DATE
> Task :app:kspDebugKotlin

> Task :app:compileDebugKotlin
w: file:///D:/Agent_WorkSpace/Android/Gallerity/app/src/main/java/com/halam/gallerity/presentation/calendar/CalendarScreen.kt:88:39 'KeyboardArrowLeft: ImageVector' is deprecated. Use the AutoMirrored version at Icons.AutoMirrored.Filled.KeyboardArrowLeft
w: file:///D:/Agent_WorkSpace/Android/Gallerity/app/src/main/java/com/halam/gallerity/presentation/calendar/CalendarScreen.kt:111:39 'KeyboardArrowRight: ImageVector' is deprecated. Use the AutoMirrored version at Icons.AutoMirrored.Filled.KeyboardArrowRight
w: file:///D:/Agent_WorkSpace/Android/Gallerity/app/src/main/java/com/halam/gallerity/presentation/calendar/CalendarScreen.kt:147:13 Variable 'totalCells' is never used
w: file:///D:/Agent_WorkSpace/Android/Gallerity/app/src/main/java/com/halam/gallerity/presentation/calendar/CalendarScreen.kt:266:40 'KeyboardArrowLeft: ImageVector' is deprecated. Use the AutoMirrored version at Icons.AutoMirrored.Filled.KeyboardArrowLeft
w: file:///D:/Agent_WorkSpace/Android/Gallerity/app/src/main/java/com/halam/gallerity/presentation/calendar/CalendarScreen.kt:274:40 'KeyboardArrowRight: ImageVector' is deprecated. Use the AutoMirrored version at Icons.AutoMirrored.Filled.KeyboardArrowRight

BUILD SUCCESSFUL in 30s
16 actionable tasks: 3 executed, 13 up-to-date
